<?xml version="1.0" encoding="UTF-8"?>
<!-- Generated by org.testng.reporters.JUnitReportReporter -->
<testsuite hostname="desktop-PC" name="api.data.rs.tests.FuelStationServiceTest" tests="2" failures="0" timestamp="6 May 2016 05:20:51 GMT" time="3.423" errors="0">
  <testcase name="validateFuelStationByIdTest" time="2.444" classname="api.data.rs.tests.FuelStationServiceTest"/>
  <testcase name="validateFuelStationByNameTest" time="0.979" classname="api.data.rs.tests.FuelStationServiceTest"/>
</testsuite> <!-- api.data.rs.tests.FuelStationServiceTest -->
