<?xml version="1.0" encoding="UTF-8"?>
<!-- Generated by org.testng.reporters.JUnitReportReporter -->
<testsuite hostname="desktop-PC" name="com.demoqa.tests.YourAccountPageTest" tests="2" failures="0" timestamp="6 May 2016 05:19:23 GMT" time="60.815" errors="0">
  <testcase name="retrieveProfileTest" time="33.760" classname="com.demoqa.tests.YourAccountPageTest"/>
  <testcase name="updateProfileTest" time="27.055" classname="com.demoqa.tests.YourAccountPageTest"/>
</testsuite> <!-- com.demoqa.tests.YourAccountPageTest -->
