<?xml version="1.0" encoding="UTF-8"?>
<!-- Generated by org.testng.reporters.JUnitReportReporter -->
<testsuite hostname="desktop-PC" name="com.demoqa.tests.CheckoutPageTest" tests="2" failures="0" timestamp="6 May 2016 05:18:13 GMT" time="37.148" errors="0">
  <testcase name="totalPriceCheckTest" time="17.790" classname="com.demoqa.tests.CheckoutPageTest"/>
  <testcase name="removeOrderTest" time="19.358" classname="com.demoqa.tests.CheckoutPageTest"/>
</testsuite> <!-- com.demoqa.tests.CheckoutPageTest -->
