<?xml version="1.0" encoding="UTF-8"?>
<!-- Generated by org.testng.reporters.JUnitReportReporter -->
<testsuite hostname="desktop-PC" name="api.data.rs.tests.StationServiceTest" tests="2" failures="0" timestamp="6 May 2016 05:19:53 GMT" time="6.203" errors="0">
  <testcase name="validateFuelStationByIdTest" time="5.171" classname="api.data.rs.tests.StationServiceTest"/>
  <testcase name="validateFuelStationByNameTest" time="1.032" classname="api.data.rs.tests.StationServiceTest"/>
</testsuite> <!-- api.data.rs.tests.StationServiceTest -->
